<?xml version="1.0" encoding="UTF-8"?>
<!-- Generated by org.testng.reporters.JUnitXMLReporter -->
<testsuite hostname="Whizdom-Trainings" ignored="0" name="CreatePortfolioTest" tests="2" failures="1" timestamp="2021-03-03T21:32:38 IST" time="35.428" errors="0">
  <testcase name="createPortfolioTest" time="32.564" classname="com.qtpselenium.hybrid.SuiteA.CreatePortfolioTest">
    <failure type="java.lang.reflect.InvocationTargetException">
      <![CDATA[java.lang.reflect.InvocationTargetException
at com.qtpselenium.hybrid.driver.DriverScript.executeKeywords(DriverScript.java:30)
at com.qtpselenium.hybrid.SuiteA.CreatePortfolioTest.createPortfolioTest(CreatePortfolioTest.java:21)
at java.util.ArrayList.forEach(ArrayList.java:1259)
at java.util.concurrent.FutureTask.run(FutureTask.java:266)
at java.util.concurrent.ThreadPoolExecutor.runWorker(ThreadPoolExecutor.java:1149)
at java.util.concurrent.ThreadPoolExecutor$Worker.run(ThreadPoolExecutor.java:624)
at java.lang.Thread.run(Thread.java:748)
Caused by: java.io.IOException: Failed to copy full contents from 'C:\Users\ABHISH~1\AppData\Local\Temp\screenshot1073915780754283892.png' to 'A:\Documents\Batches\2021-selenium-jan\Hybrid_Framework\ExtentReports\2021_03_03_IST_21_32_03\screenshots\2021_03_03_IST_21_32_36.png'
at org.apache.commons.io.FileUtils.doCopyFile(FileUtils.java:681)
at org.apache.commons.io.FileUtils.copyFile(FileUtils.java:652)
at org.apache.commons.io.FileUtils.copyFile(FileUtils.java:606)
at com.qtpselenium.hybrid.keywords.GenericKeywords.attachScreenshot(GenericKeywords.java:117)
at com.qtpselenium.hybrid.keywords.GenericKeywords.reportFailure(GenericKeywords.java:110)
at com.qtpselenium.hybrid.keywords.GenericKeywords.getObject(GenericKeywords.java:89)
at com.qtpselenium.hybrid.keywords.GenericKeywords.type(GenericKeywords.java:71)
... 29 more
... Removed 22 stack frames]]>
    </failure>
  </testcase> <!-- createPortfolioTest -->
  <testcase name="createPortfolioTest" time="0.003" classname="com.qtpselenium.hybrid.SuiteA.CreatePortfolioTest">
    <skipped/>
  </testcase> <!-- createPortfolioTest -->
</testsuite> <!-- CreatePortfolioTest -->
