<?xml version="1.0" encoding="UTF-8"?>
<!-- Generated by org.testng.reporters.JUnitXMLReporter -->
<testsuite hostname="Whizdom-Trainings" ignored="0" name="LoginTest" tests="2" failures="1" timestamp="2021-03-03T21:32:38 IST" time="34.769" errors="0">
  <testcase name="loginTest" time="32.574" classname="com.qtpselenium.hybrid.SuiteA.LoginTest">
    <failure type="java.lang.reflect.InvocationTargetException">
      <![CDATA[java.lang.reflect.InvocationTargetException
at com.qtpselenium.hybrid.driver.DriverScript.executeKeywords(DriverScript.java:30)
at com.qtpselenium.hybrid.SuiteA.LoginTest.loginTest(LoginTest.java:21)
at java.util.ArrayList.forEach(ArrayList.java:1259)
at java.util.concurrent.FutureTask.run(FutureTask.java:266)
at java.util.concurrent.ThreadPoolExecutor.runWorker(ThreadPoolExecutor.java:1149)
at java.util.concurrent.ThreadPoolExecutor$Worker.run(ThreadPoolExecutor.java:624)
at java.lang.Thread.run(Thread.java:748)
Caused by: java.lang.AssertionError: no such element: Unable to locate element: {"method":"xpath","selector":"//input[@id='userpass']/a"}
  (Session info: chrome=88.0.4324.190)
For documentation on this error, please visit: https://www.seleniumhq.org/exceptions/no_such_element.html
Build info: version: '3.141.59', revision: 'e82be7d358', time: '2018-11-14T08:17:03'
System info: host: 'WHIZDOM-TRAININ', ip: '192.168.0.108', os.name: 'Windows 10', os.arch: 'amd64', os.version: '10.0', java.version: '1.8'
Driver info: org.openqa.selenium.remote.RemoteWebDriver
Capabilities {acceptInsecureCerts: false, browserName: chrome, browserVersion: 88.0.4324.190, chrome: {chromedriverVersion: 87.0.4280.88 (89e2380a3e36c..., userDataDir: C:\Users\ABHISH~1\AppData\L...}, goog:chromeOptions: {debuggerAddress: localhost:51844}, javascriptEnabled: true, networkConnectionEnabled: false, pageLoadStrategy: normal, platform: WINDOWS, platformName: WINDOWS, proxy: Proxy(), setWindowRect: true, strictFileInteractability: false, timeouts: {implicit: 0, pageLoad: 300000, script: 30000}, unhandledPromptBehavior: dismiss and notify, webauthn:virtualAuthenticators: true, webdriver.remote.sessionid: 105f773e031e6ffb0736dcfa20f...}
Session ID: 105f773e031e6ffb0736dcfa20fc0e54
*** Element info: {Using=xpath, value=//input[@id='userpass']/a}
at com.qtpselenium.hybrid.keywords.GenericKeywords.reportFailure(GenericKeywords.java:111)
at com.qtpselenium.hybrid.keywords.GenericKeywords.getObject(GenericKeywords.java:89)
at com.qtpselenium.hybrid.keywords.GenericKeywords.type(GenericKeywords.java:71)
... 29 more
... Removed 23 stack frames]]>
    </failure>
  </testcase> <!-- loginTest -->
  <testcase name="loginTest" time="0.003" classname="com.qtpselenium.hybrid.SuiteA.LoginTest">
    <skipped/>
  </testcase> <!-- loginTest -->
</testsuite> <!-- LoginTest -->
