<!DOCTYPE html PUBLIC "-//W3C//DTD XHTML 1.1//EN" "https://www.w3.org/TR/xhtml11/DTD/xhtml11.dtd">
<html xmlns="https://www.w3.org/1999/xhtml">
<head>
<meta http-equiv="content-type" content="text/html; charset=UTF-8"/>
<title>TestNG Report</title>
<style type="text/css">table {margin-bottom:10px;border-collapse:collapse;empty-cells:show}th,td {border:1px solid #009;padding:.25em .5em}th {vertical-align:bottom}td {vertical-align:top}table a {font-weight:bold}.stripe td {background-color: #E6EBF9}.num {text-align:right}.passedodd td {background-color: #3F3}.passedeven td {background-color: #0A0}.skippedodd td {background-color: #DDD}.skippedeven td {background-color: #CCC}.failedodd td,.attn {background-color: #F33}.failedeven td,.stripe .attn {background-color: #D00}.stacktrace {white-space:pre;font-family:monospace}.totop {font-size:85%;text-align:center;border-bottom:2px solid #000}.invisible {display:none}</style>
</head>
<body>
<table>
<tr><th>Test</th><th># Passed</th><th># Skipped</th><th># Retried</th><th># Failed</th><th>Time (ms)</th><th>Included Groups</th><th>Excluded Groups</th></tr>
<tr><th colspan="8">Test Suite</th></tr>
<tr><th colspan="8">SuiteA</th></tr>
<tr><td><a href="#t0">LoginTest</a></td><td class="num">0</td><td class="num attn">1</td><td class="num">0</td><td class="num attn">1</td><td class="num">34,769</td><td></td><td></td></tr>
<tr class="stripe"><td><a href="#t1">CreatePortfolioTest</a></td><td class="num">0</td><td class="num attn">1</td><td class="num">0</td><td class="num attn">1</td><td class="num">35,428</td><td></td><td></td></tr>
<tr><th>Total</th><th class="num">0</th><th class="num attn">2</th><th class="num">0</th><th class="num attn">2</th><th class="num">70,197</th><th colspan="2"></th></tr>
</table>
<table id='summary'><thead><tr><th>Class</th><th>Method</th><th>Start</th><th>Time (ms)</th></tr></thead><tbody><tr><th colspan="4">Test Suite</th></tr></tbody><tbody><tr><th colspan="4">SuiteA</th></tr></tbody><tbody id="t0"><tr><th colspan="4">LoginTest &#8212; failed</th></tr><tr class="failedeven"><td rowspan="1">com.qtpselenium.hybrid.SuiteA.LoginTest</td><td><a href="#m0">loginTest</a></td><td rowspan="1">1614787324000</td><td rowspan="1">32574</td></tr><tr><th colspan="4">LoginTest &#8212; skipped</th></tr><tr class="skippedeven"><td rowspan="1">com.qtpselenium.hybrid.SuiteA.LoginTest</td><td><a href="#m1">loginTest</a></td><td rowspan="1">1614787356898</td><td rowspan="1">3</td></tr></tbody>
<tbody id="t1"><tr><th colspan="4">CreatePortfolioTest &#8212; failed</th></tr><tr class="failedeven"><td rowspan="1">com.qtpselenium.hybrid.SuiteA.CreatePortfolioTest</td><td><a href="#m2">createPortfolioTest</a></td><td rowspan="1">1614787324000</td><td rowspan="1">32564</td></tr><tr><th colspan="4">CreatePortfolioTest &#8212; skipped</th></tr><tr class="skippedeven"><td rowspan="1">com.qtpselenium.hybrid.SuiteA.CreatePortfolioTest</td><td><a href="#m3">createPortfolioTest</a></td><td rowspan="1">1614787358578</td><td rowspan="1">3</td></tr></tbody>
</table>
<h2>LoginTest</h2><h3 id="m0">com.qtpselenium.hybrid.SuiteA.LoginTest#loginTest</h3><table class="result"><tr class="param"><th>Parameter #1</th></tr><tr class="param stripe"><td>{ExpectedResult=Success, RunMode=Y, Password=pass@1234, UserName=ashishthakur1983, Browser=Chrome}</td></tr><tr><th>Exception</th></tr><tr><td><div class="stacktrace">java.lang.reflect.InvocationTargetException
	at com.qtpselenium.hybrid.driver.DriverScript.executeKeywords(DriverScript.java:30)
	at com.qtpselenium.hybrid.SuiteA.LoginTest.loginTest(LoginTest.java:21)
	at java.util.ArrayList.forEach(ArrayList.java:1259)
	at java.util.concurrent.FutureTask.run(FutureTask.java:266)
	at java.util.concurrent.ThreadPoolExecutor.runWorker(ThreadPoolExecutor.java:1149)
	at java.util.concurrent.ThreadPoolExecutor$Worker.run(ThreadPoolExecutor.java:624)
	at java.lang.Thread.run(Thread.java:748)
Caused by: java.lang.AssertionError: no such element: Unable to locate element: {&quot;method&quot;:&quot;xpath&quot;,&quot;selector&quot;:&quot;//input[@id=&apos;userpass&apos;]/a&quot;}
  (Session info: chrome=88.0.4324.190)
For documentation on this error, please visit: https://www.seleniumhq.org/exceptions/no_such_element.html
Build info: version: &apos;3.141.59&apos;, revision: &apos;e82be7d358&apos;, time: &apos;2018-11-14T08:17:03&apos;
System info: host: &apos;WHIZDOM-TRAININ&apos;, ip: &apos;192.168.0.108&apos;, os.name: &apos;Windows 10&apos;, os.arch: &apos;amd64&apos;, os.version: &apos;10.0&apos;, java.version: &apos;1.8&apos;
Driver info: org.openqa.selenium.remote.RemoteWebDriver
Capabilities {acceptInsecureCerts: false, browserName: chrome, browserVersion: 88.0.4324.190, chrome: {chromedriverVersion: 87.0.4280.88 (89e2380a3e36c..., userDataDir: C:\Users\ABHISH~1\AppData\L...}, goog:chromeOptions: {debuggerAddress: localhost:51844}, javascriptEnabled: true, networkConnectionEnabled: false, pageLoadStrategy: normal, platform: WINDOWS, platformName: WINDOWS, proxy: Proxy(), setWindowRect: true, strictFileInteractability: false, timeouts: {implicit: 0, pageLoad: 300000, script: 30000}, unhandledPromptBehavior: dismiss and notify, webauthn:virtualAuthenticators: true, webdriver.remote.sessionid: 105f773e031e6ffb0736dcfa20f...}
Session ID: 105f773e031e6ffb0736dcfa20fc0e54
*** Element info: {Using=xpath, value=//input[@id=&apos;userpass&apos;]/a}
	at com.qtpselenium.hybrid.keywords.GenericKeywords.reportFailure(GenericKeywords.java:111)
	at com.qtpselenium.hybrid.keywords.GenericKeywords.getObject(GenericKeywords.java:89)
	at com.qtpselenium.hybrid.keywords.GenericKeywords.type(GenericKeywords.java:71)
	... 29 more
... Removed 23 stack frames</div></td></tr></table><p class="totop"><a href="#summary">back to summary</a></p>
<h3 id="m1">com.qtpselenium.hybrid.SuiteA.LoginTest#loginTest</h3><table class="result"><tr class="param"><th>Parameter #1</th></tr><tr class="param stripe"><td>{ExpectedResult=Success, RunMode=N, Password=987654321a, UserName=987654321a, Browser=Firefox}</td></tr><tr><th>Exception</th></tr><tr><td><div class="stacktrace">org.testng.SkipException: RunMode is set to N
	at com.qtpselenium.hybrid.SuiteA.LoginTest.loginTest(LoginTest.java:18)
	at java.util.ArrayList.forEach(ArrayList.java:1259)
	at java.util.concurrent.FutureTask.run(FutureTask.java:266)
	at java.util.concurrent.ThreadPoolExecutor.runWorker(ThreadPoolExecutor.java:1149)
	at java.util.concurrent.ThreadPoolExecutor$Worker.run(ThreadPoolExecutor.java:624)
	at java.lang.Thread.run(Thread.java:748)
... Removed 18 stack frames</div></td></tr></table><p class="totop"><a href="#summary">back to summary</a></p>
<h2>CreatePortfolioTest</h2><h3 id="m2">com.qtpselenium.hybrid.SuiteA.CreatePortfolioTest#createPortfolioTest</h3><table class="result"><tr class="param"><th>Parameter #1</th></tr><tr class="param stripe"><td>{RunMode=Y, Password=123456789a, PortfolioName=PURI1232, UserName=123456789a, Browser=Chrome}</td></tr><tr><th>Exception</th></tr><tr><td><div class="stacktrace">java.lang.reflect.InvocationTargetException
	at com.qtpselenium.hybrid.driver.DriverScript.executeKeywords(DriverScript.java:30)
	at com.qtpselenium.hybrid.SuiteA.CreatePortfolioTest.createPortfolioTest(CreatePortfolioTest.java:21)
	at java.util.ArrayList.forEach(ArrayList.java:1259)
	at java.util.concurrent.FutureTask.run(FutureTask.java:266)
	at java.util.concurrent.ThreadPoolExecutor.runWorker(ThreadPoolExecutor.java:1149)
	at java.util.concurrent.ThreadPoolExecutor$Worker.run(ThreadPoolExecutor.java:624)
	at java.lang.Thread.run(Thread.java:748)
Caused by: java.io.IOException: Failed to copy full contents from &apos;C:\Users\ABHISH~1\AppData\Local\Temp\screenshot1073915780754283892.png&apos; to &apos;A:\Documents\Batches\2021-selenium-jan\Hybrid_Framework\ExtentReports\2021_03_03_IST_21_32_03\screenshots\2021_03_03_IST_21_32_36.png&apos;
	at org.apache.commons.io.FileUtils.doCopyFile(FileUtils.java:681)
	at org.apache.commons.io.FileUtils.copyFile(FileUtils.java:652)
	at org.apache.commons.io.FileUtils.copyFile(FileUtils.java:606)
	at com.qtpselenium.hybrid.keywords.GenericKeywords.attachScreenshot(GenericKeywords.java:117)
	at com.qtpselenium.hybrid.keywords.GenericKeywords.reportFailure(GenericKeywords.java:110)
	at com.qtpselenium.hybrid.keywords.GenericKeywords.getObject(GenericKeywords.java:89)
	at com.qtpselenium.hybrid.keywords.GenericKeywords.type(GenericKeywords.java:71)
	... 29 more
... Removed 22 stack frames</div></td></tr></table><p class="totop"><a href="#summary">back to summary</a></p>
<h3 id="m3">com.qtpselenium.hybrid.SuiteA.CreatePortfolioTest#createPortfolioTest</h3><table class="result"><tr class="param"><th>Parameter #1</th></tr><tr class="param stripe"><td>{RunMode=N, Password=987654321a, PortfolioName=PURI1233, UserName=987654321a, Browser=Firefox}</td></tr><tr><th>Exception</th></tr><tr><td><div class="stacktrace">org.testng.SkipException: RunMode is set to N
	at com.qtpselenium.hybrid.SuiteA.CreatePortfolioTest.createPortfolioTest(CreatePortfolioTest.java:18)
	at java.util.ArrayList.forEach(ArrayList.java:1259)
	at java.util.concurrent.FutureTask.run(FutureTask.java:266)
	at java.util.concurrent.ThreadPoolExecutor.runWorker(ThreadPoolExecutor.java:1149)
	at java.util.concurrent.ThreadPoolExecutor$Worker.run(ThreadPoolExecutor.java:624)
	at java.lang.Thread.run(Thread.java:748)
... Removed 18 stack frames</div></td></tr></table><p class="totop"><a href="#summary">back to summary</a></p>
</body>
</html>
