<?xml version="1.0" encoding="UTF-8"?>
<!-- Generated by org.testng.reporters.JUnitReportReporter -->
<testsuite skipped="1" hostname="Whizdom-Trainings" name="com.qtpselenium.hybrid.SuiteA.CreatePortfolioTest" tests="2" failures="0" timestamp="2021-03-03T21:32:39 IST" time="34.631" errors="1">
  <testcase name="createPortfolioTest" time="32.653" classname="com.qtpselenium.hybrid.SuiteA.CreatePortfolioTest">
    <error type="java.lang.reflect.InvocationTargetException">
      <![CDATA[java.lang.reflect.InvocationTargetException
at sun.reflect.NativeMethodAccessorImpl.invoke0(Native Method)
at sun.reflect.NativeMethodAccessorImpl.invoke(NativeMethodAccessorImpl.java:62)
at sun.reflect.DelegatingMethodAccessorImpl.invoke(DelegatingMethodAccessorImpl.java:43)
at java.lang.reflect.Method.invoke(Method.java:498)
at com.qtpselenium.hybrid.driver.DriverScript.executeKeywords(DriverScript.java:30)
at com.qtpselenium.hybrid.SuiteA.CreatePortfolioTest.createPortfolioTest(CreatePortfolioTest.java:21)
at sun.reflect.NativeMethodAccessorImpl.invoke0(Native Method)
at sun.reflect.NativeMethodAccessorImpl.invoke(NativeMethodAccessorImpl.java:62)
at sun.reflect.DelegatingMethodAccessorImpl.invoke(DelegatingMethodAccessorImpl.java:43)
at java.lang.reflect.Method.invoke(Method.java:498)
at org.testng.internal.MethodInvocationHelper.invokeMethod(MethodInvocationHelper.java:132)
at org.testng.internal.TestInvoker.invokeMethod(TestInvoker.java:599)
at org.testng.internal.TestInvoker.invokeTestMethod(TestInvoker.java:174)
at org.testng.internal.MethodRunner.runInSequence(MethodRunner.java:46)
at org.testng.internal.TestInvoker$MethodInvocationAgent.invoke(TestInvoker.java:822)
at org.testng.internal.TestInvoker.invokeTestMethods(TestInvoker.java:147)
at org.testng.internal.TestMethodWorker.invokeTestMethods(TestMethodWorker.java:146)
at org.testng.internal.TestMethodWorker.run(TestMethodWorker.java:128)
at java.util.ArrayList.forEach(ArrayList.java:1259)
at org.testng.TestRunner.privateRun(TestRunner.java:764)
at org.testng.TestRunner.run(TestRunner.java:585)
at org.testng.SuiteRunner.runTest(SuiteRunner.java:384)
at org.testng.SuiteRunner.access$000(SuiteRunner.java:28)
at org.testng.SuiteRunner$SuiteWorker.run(SuiteRunner.java:425)
at org.testng.internal.thread.ThreadUtil.lambda$execute$0(ThreadUtil.java:66)
at java.util.concurrent.FutureTask.run(FutureTask.java:266)
at java.util.concurrent.ThreadPoolExecutor.runWorker(ThreadPoolExecutor.java:1149)
at java.util.concurrent.ThreadPoolExecutor$Worker.run(ThreadPoolExecutor.java:624)
at java.lang.Thread.run(Thread.java:748)
Caused by: java.io.IOException: Failed to copy full contents from 'C:\Users\ABHISH~1\AppData\Local\Temp\screenshot1073915780754283892.png' to 'A:\Documents\Batches\2021-selenium-jan\Hybrid_Framework\ExtentReports\2021_03_03_IST_21_32_03\screenshots\2021_03_03_IST_21_32_36.png'
at org.apache.commons.io.FileUtils.doCopyFile(FileUtils.java:681)
at org.apache.commons.io.FileUtils.copyFile(FileUtils.java:652)
at org.apache.commons.io.FileUtils.copyFile(FileUtils.java:606)
at com.qtpselenium.hybrid.keywords.GenericKeywords.attachScreenshot(GenericKeywords.java:117)
at com.qtpselenium.hybrid.keywords.GenericKeywords.reportFailure(GenericKeywords.java:110)
at com.qtpselenium.hybrid.keywords.GenericKeywords.getObject(GenericKeywords.java:89)
at com.qtpselenium.hybrid.keywords.GenericKeywords.type(GenericKeywords.java:71)
... 29 more
]]>
    </error>
  </testcase> <!-- createPortfolioTest -->
  <system-out/>
  <testcase name="createPortfolioTest" time="1.978" classname="com.qtpselenium.hybrid.SuiteA.CreatePortfolioTest">
    <skipped/>
  </testcase> <!-- createPortfolioTest -->
  <system-out/>
</testsuite> <!-- com.qtpselenium.hybrid.SuiteA.CreatePortfolioTest -->
